# JRE version: OpenJDK Runtime Environment (8.0_242-b01) (build 1.8.0_242-release-1644-b01)
# Java VM: OpenJDK 64-Bit Server VM (25.242-b01 mixed mode windows-amd64 compressed oops)
Heap:
 PSYoungGen      total 67584K, used 52337K [0x00000000d5580000, 0x00000000da300000, 0x0000000100000000)
  eden space 57344K, 91% used [0x00000000d5580000,0x00000000d889c4e8,0x00000000d8d80000)
  from space 10240K, 0% used [0x00000000d9780000,0x00000000d9780000,0x00000000da180000)
  to   space 10240K, 0% used [0x00000000d8d80000,0x00000000d8d80000,0x00000000d9780000)
 ParOldGen       total 61952K, used 13764K [0x0000000080000000, 0x0000000083c80000, 0x00000000d5580000)
  object space 61952K, 22% used [0x0000000080000000,0x0000000080d71040,0x0000000083c80000)
 Metaspace       used 36930K, capacity 38340K, committed 38576K, reserved 1083392K
  class space    used 5117K, capacity 5465K, committed 5552K, reserved 1048576K
GC Heap History (10 events):
Event: 15.052 GC heap before
{Heap before GC invocations=10 (full 1):
 PSYoungGen      total 39936K, used 36285K [0x00000000d5580000, 0x00000000d8800000, 0x0000000100000000)
  eden space 30208K, 100% used [0x00000000d5580000,0x00000000d7300000,0x00000000d7300000)
  from space 9728K, 62% used [0x00000000d7e80000,0x00000000d846f6c0,0x00000000d8800000)
  to   space 10752K, 0% used [0x00000000d7300000,0x00000000d7300000,0x00000000d7d80000)
 ParOldGen       total 45568K, used 8993K [0x0000000080000000, 0x0000000082c80000, 0x00000000d5580000)
  object space 45568K, 19% used [0x0000000080000000,0x00000000808c8778,0x0000000082c80000)
 Metaspace       used 30548K, capacity 31372K, committed 31536K, reserved 1077248K
  class space    used 4137K, capacity 4363K, committed 4400K, reserved 1048576K
Event: 15.056 GC heap after
Heap after GC invocations=10 (full 1):
 PSYoungGen      total 40960K, used 5865K [0x00000000d5580000, 0x00000000d9100000, 0x0000000100000000)
  eden space 30208K, 0% used [0x00000000d5580000,0x00000000d5580000,0x00000000d7300000)
  from space 10752K, 54% used [0x00000000d7300000,0x00000000d78ba7f0,0x00000000d7d80000)
  to   space 10240K, 0% used [0x00000000d8700000,0x00000000d8700000,0x00000000d9100000)
 ParOldGen       total 45568K, used 9001K [0x0000000080000000, 0x0000000082c80000, 0x00000000d5580000)
  object space 45568K, 19% used [0x0000000080000000,0x00000000808ca778,0x0000000082c80000)
 Metaspace       used 30548K, capacity 31372K, committed 31536K, reserved 1077248K
  class space    used 4137K, capacity 4363K, committed 4400K, reserved 1048576K
}
Event: 15.437 GC heap before
{Heap before GC invocations=11 (full 1):
 PSYoungGen      total 40960K, used 36073K [0x00000000d5580000, 0x00000000d9100000, 0x0000000100000000)
  eden space 30208K, 100% used [0x00000000d5580000,0x00000000d7300000,0x00000000d7300000)
  from space 10752K, 54% used [0x00000000d7300000,0x00000000d78ba7f0,0x00000000d7d80000)
  to   space 10240K, 0% used [0x00000000d8700000,0x00000000d8700000,0x00000000d9100000)
 ParOldGen       total 45568K, used 9001K [0x0000000080000000, 0x0000000082c80000, 0x00000000d5580000)
  object space 45568K, 19% used [0x0000000080000000,0x00000000808ca778,0x0000000082c80000)
 Metaspace       used 31914K, capacity 32696K, committed 32816K, reserved 1077248K
  class space    used 4347K, capacity 4578K, committed 4656K, reserved 1048576K
Event: 15.443 GC heap after
Heap after GC invocations=11 (full 1):
 PSYoungGen      total 50688K, used 6735K [0x00000000d5580000, 0x00000000d9280000, 0x0000000100000000)
  eden space 40448K, 0% used [0x00000000d5580000,0x00000000d5580000,0x00000000d7d00000)
  from space 10240K, 65% used [0x00000000d8700000,0x00000000d8d93e40,0x00000000d9100000)
  to   space 10240K, 0% used [0x00000000d7d00000,0x00000000d7d00000,0x00000000d8700000)
 ParOldGen       total 45568K, used 9009K [0x0000000080000000, 0x0000000082c80000, 0x00000000d5580000)
  object space 45568K, 19% used [0x0000000080000000,0x00000000808cc778,0x0000000082c80000)
 Metaspace       used 31914K, capacity 32696K, committed 32816K, reserved 1077248K
  class space    used 4347K, capacity 4578K, committed 4656K, reserved 1048576K
}
Event: 15.906 GC heap before
{Heap before GC invocations=12 (full 1):
 PSYoungGen      total 50688K, used 47183K [0x00000000d5580000, 0x00000000d9280000, 0x0000000100000000)
  eden space 40448K, 100% used [0x00000000d5580000,0x00000000d7d00000,0x00000000d7d00000)
  from space 10240K, 65% used [0x00000000d8700000,0x00000000d8d93e40,0x00000000d9100000)
  to   space 10240K, 0% used [0x00000000d7d00000,0x00000000d7d00000,0x00000000d8700000)
 ParOldGen       total 45568K, used 9009K [0x0000000080000000, 0x0000000082c80000, 0x00000000d5580000)
  object space 45568K, 19% used [0x0000000080000000,0x00000000808cc778,0x0000000082c80000)
 Metaspace       used 33896K, capacity 34818K, committed 34864K, reserved 1079296K
  class space    used 4652K, capacity 4892K, committed 4912K, reserved 1048576K
Event: 15.912 GC heap after
Heap after GC invocations=12 (full 1):
 PSYoungGen      total 50688K, used 7646K [0x00000000d5580000, 0x00000000da180000, 0x0000000100000000)
  eden space 40448K, 0% used [0x00000000d5580000,0x00000000d5580000,0x00000000d7d00000)
  from space 10240K, 74% used [0x00000000d7d00000,0x00000000d8477948,0x00000000d8700000)
  to   space 10240K, 0% used [0x00000000d9780000,0x00000000d9780000,0x00000000da180000)
 ParOldGen       total 45568K, used 9616K [0x0000000080000000, 0x0000000082c80000, 0x00000000d5580000)
  object space 45568K, 21% used [0x0000000080000000,0x00000000809642b8,0x0000000082c80000)
 Metaspace       used 33896K, capacity 34818K, committed 34864K, reserved 1079296K
  class space    used 4652K, capacity 4892K, committed 4912K, reserved 1048576K
}
Event: 16.102 GC heap before
{Heap before GC invocations=13 (full 1):
 PSYoungGen      total 50688K, used 20203K [0x00000000d5580000, 0x00000000da180000, 0x0000000100000000)
  eden space 40448K, 31% used [0x00000000d5580000,0x00000000d61c3310,0x00000000d7d00000)
  from space 10240K, 74% used [0x00000000d7d00000,0x00000000d8477948,0x00000000d8700000)
  to   space 10240K, 0% used [0x00000000d9780000,0x00000000d9780000,0x00000000da180000)
 ParOldGen       total 45568K, used 9616K [0x0000000080000000, 0x0000000082c80000, 0x00000000d5580000)
  object space 45568K, 21% used [0x0000000080000000,0x00000000809642b8,0x0000000082c80000)
 Metaspace       used 34550K, capacity 35410K, committed 35496K, reserved 1079296K
  class space    used 4740K, capacity 4974K, committed 5040K, reserved 1048576K
Event: 16.108 GC heap after
Heap after GC invocations=13 (full 1):
 PSYoungGen      total 67584K, used 2960K [0x00000000d5580000, 0x00000000da300000, 0x0000000100000000)
  eden space 57344K, 0% used [0x00000000d5580000,0x00000000d5580000,0x00000000d8d80000)
  from space 10240K, 28% used [0x00000000d9780000,0x00000000d9a64170,0x00000000da180000)
  to   space 10240K, 0% used [0x00000000d8d80000,0x00000000d8d80000,0x00000000d9780000)
 ParOldGen       total 45568K, used 13296K [0x0000000080000000, 0x0000000082c80000, 0x00000000d5580000)
  object space 45568K, 29% used [0x0000000080000000,0x0000000080cfc2d8,0x0000000082c80000)
 Metaspace       used 34550K, capacity 35410K, committed 35496K, reserved 1079296K
  class space    used 4740K, capacity 4974K, committed 5040K, reserved 1048576K
}
Event: 16.108 GC heap before
{Heap before GC invocations=14 (full 2):
 PSYoungGen      total 67584K, used 2960K [0x00000000d5580000, 0x00000000da300000, 0x0000000100000000)
  eden space 57344K, 0% used [0x00000000d5580000,0x00000000d5580000,0x00000000d8d80000)
  from space 10240K, 28% used [0x00000000d9780000,0x00000000d9a64170,0x00000000da180000)
  to   space 10240K, 0% used [0x00000000d8d80000,0x00000000d8d80000,0x00000000d9780000)
 ParOldGen       total 45568K, used 13296K [0x0000000080000000, 0x0000000082c80000, 0x00000000d5580000)
  object space 45568K, 29% used [0x0000000080000000,0x0000000080cfc2d8,0x0000000082c80000)
 Metaspace       used 34550K, capacity 35410K, committed 35496K, reserved 1079296K
  class space    used 4740K, capacity 4974K, committed 5040K, reserved 1048576K
Event: 16.143 GC heap after
Heap after GC invocations=14 (full 2):
 PSYoungGen      total 67584K, used 0K [0x00000000d5580000, 0x00000000da300000, 0x0000000100000000)
  eden space 57344K, 0% used [0x00000000d5580000,0x00000000d5580000,0x00000000d8d80000)
  from space 10240K, 0% used [0x00000000d9780000,0x00000000d9780000,0x00000000da180000)
  to   space 10240K, 0% used [0x00000000d8d80000,0x00000000d8d80000,0x00000000d9780000)
 ParOldGen       total 61952K, used 13764K [0x0000000080000000, 0x0000000083c80000, 0x00000000d5580000)
  object space 61952K, 22% used [0x0000000080000000,0x0000000080d71040,0x0000000083c80000)
 Metaspace       used 34550K, capacity 35410K, committed 35496K, reserved 1079296K
  class space    used 4740K, capacity 4974K, committed 5040K, reserved 1048576K
}

