# JRE version: OpenJDK Runtime Environment (8.0_242-b01) (build 1.8.0_242-release-1644-b01)
# Java VM: OpenJDK 64-Bit Server VM (25.242-b01 mixed mode windows-amd64 compressed oops)
Heap:
 PSYoungGen      total 153088K, used 105343K [0x00000000d5580000, 0x00000000e0800000, 0x0000000100000000)
  eden space 141312K, 66% used [0x00000000d5580000,0x00000000db0e1680,0x00000000ddf80000)
  from space 11776K, 99% used [0x00000000dfc80000,0x00000000e07fe918,0x00000000e0800000)
  to   space 13824K, 0% used [0x00000000ded00000,0x00000000ded00000,0x00000000dfa80000)
 ParOldGen       total 81408K, used 17505K [0x0000000080000000, 0x0000000084f80000, 0x00000000d5580000)
  object space 81408K, 21% used [0x0000000080000000,0x0000000081118580,0x0000000084f80000)
 Metaspace       used 52163K, capacity 53954K, committed 54192K, reserved 1095680K
  class space    used 7079K, capacity 7508K, committed 7600K, reserved 1048576K
GC Heap History (10 events):
Event: 3.687 GC heap before
{Heap before GC invocations=8 (full 1):
 PSYoungGen      total 74752K, used 64512K [0x00000000d5580000, 0x00000000dab80000, 0x0000000100000000)
  eden space 64512K, 100% used [0x00000000d5580000,0x00000000d9480000,0x00000000d9480000)
  from space 10240K, 0% used [0x00000000d9f80000,0x00000000d9f80000,0x00000000da980000)
  to   space 11264K, 0% used [0x00000000d9480000,0x00000000d9480000,0x00000000d9f80000)
 ParOldGen       total 55808K, used 8949K [0x0000000080000000, 0x0000000083680000, 0x00000000d5580000)
  object space 55808K, 16% used [0x0000000080000000,0x00000000808bd700,0x0000000083680000)
 Metaspace       used 28132K, capacity 28864K, committed 28976K, reserved 1075200K
  class space    used 3887K, capacity 4131K, committed 4144K, reserved 1048576K
Event: 3.694 GC heap after
Heap after GC invocations=8 (full 1):
 PSYoungGen      total 75776K, used 8153K [0x00000000d5580000, 0x00000000dd700000, 0x0000000100000000)
  eden space 64512K, 0% used [0x00000000d5580000,0x00000000d5580000,0x00000000d9480000)
  from space 11264K, 72% used [0x00000000d9480000,0x00000000d9c76478,0x00000000d9f80000)
  to   space 11264K, 0% used [0x00000000dcc00000,0x00000000dcc00000,0x00000000dd700000)
 ParOldGen       total 55808K, used 8957K [0x0000000080000000, 0x0000000083680000, 0x00000000d5580000)
  object space 55808K, 16% used [0x0000000080000000,0x00000000808bf700,0x0000000083680000)
 Metaspace       used 28132K, capacity 28864K, committed 28976K, reserved 1075200K
  class space    used 3887K, capacity 4131K, committed 4144K, reserved 1048576K
}
Event: 4.187 GC heap before
{Heap before GC invocations=9 (full 1):
 PSYoungGen      total 75776K, used 72665K [0x00000000d5580000, 0x00000000dd700000, 0x0000000100000000)
  eden space 64512K, 100% used [0x00000000d5580000,0x00000000d9480000,0x00000000d9480000)
  from space 11264K, 72% used [0x00000000d9480000,0x00000000d9c76478,0x00000000d9f80000)
  to   space 11264K, 0% used [0x00000000dcc00000,0x00000000dcc00000,0x00000000dd700000)
 ParOldGen       total 55808K, used 8957K [0x0000000080000000, 0x0000000083680000, 0x00000000d5580000)
  object space 55808K, 16% used [0x0000000080000000,0x00000000808bf700,0x0000000083680000)
 Metaspace       used 32236K, capacity 33060K, committed 33328K, reserved 1077248K
  class space    used 4399K, capacity 4613K, committed 4656K, reserved 1048576K
Event: 4.194 GC heap after
Heap after GC invocations=9 (full 1):
 PSYoungGen      total 120832K, used 8679K [0x00000000d5580000, 0x00000000dd780000, 0x0000000100000000)
  eden space 109568K, 0% used [0x00000000d5580000,0x00000000d5580000,0x00000000dc080000)
  from space 11264K, 77% used [0x00000000dcc00000,0x00000000dd479d70,0x00000000dd700000)
  to   space 11776K, 0% used [0x00000000dc080000,0x00000000dc080000,0x00000000dcc00000)
 ParOldGen       total 55808K, used 8965K [0x0000000080000000, 0x0000000083680000, 0x00000000d5580000)
  object space 55808K, 16% used [0x0000000080000000,0x00000000808c1700,0x0000000083680000)
 Metaspace       used 32236K, capacity 33060K, committed 33328K, reserved 1077248K
  class space    used 4399K, capacity 4613K, committed 4656K, reserved 1048576K
}
Event: 4.432 GC heap before
{Heap before GC invocations=10 (full 1):
 PSYoungGen      total 120832K, used 57313K [0x00000000d5580000, 0x00000000dd780000, 0x0000000100000000)
  eden space 109568K, 44% used [0x00000000d5580000,0x00000000d84fe8e0,0x00000000dc080000)
  from space 11264K, 77% used [0x00000000dcc00000,0x00000000dd479d70,0x00000000dd700000)
  to   space 11776K, 0% used [0x00000000dc080000,0x00000000dc080000,0x00000000dcc00000)
 ParOldGen       total 55808K, used 8965K [0x0000000080000000, 0x0000000083680000, 0x00000000d5580000)
  object space 55808K, 16% used [0x0000000080000000,0x00000000808c1700,0x0000000083680000)
 Metaspace       used 34538K, capacity 35410K, committed 35496K, reserved 1079296K
  class space    used 4740K, capacity 4974K, committed 5040K, reserved 1048576K
Event: 4.441 GC heap after
Heap after GC invocations=10 (full 1):
 PSYoungGen      total 121344K, used 8824K [0x00000000d5580000, 0x00000000e0800000, 0x0000000100000000)
  eden space 109568K, 0% used [0x00000000d5580000,0x00000000d5580000,0x00000000dc080000)
  from space 11776K, 74% used [0x00000000dc080000,0x00000000dc91e0d8,0x00000000dcc00000)
  to   space 11776K, 0% used [0x00000000dfc80000,0x00000000dfc80000,0x00000000e0800000)
 ParOldGen       total 55808K, used 8973K [0x0000000080000000, 0x0000000083680000, 0x00000000d5580000)
  object space 55808K, 16% used [0x0000000080000000,0x00000000808c3700,0x0000000083680000)
 Metaspace       used 34538K, capacity 35410K, committed 35496K, reserved 1079296K
  class space    used 4740K, capacity 4974K, committed 5040K, reserved 1048576K
}
Event: 4.441 GC heap before
{Heap before GC invocations=11 (full 2):
 PSYoungGen      total 121344K, used 8824K [0x00000000d5580000, 0x00000000e0800000, 0x0000000100000000)
  eden space 109568K, 0% used [0x00000000d5580000,0x00000000d5580000,0x00000000dc080000)
  from space 11776K, 74% used [0x00000000dc080000,0x00000000dc91e0d8,0x00000000dcc00000)
  to   space 11776K, 0% used [0x00000000dfc80000,0x00000000dfc80000,0x00000000e0800000)
 ParOldGen       total 55808K, used 8973K [0x0000000080000000, 0x0000000083680000, 0x00000000d5580000)
  object space 55808K, 16% used [0x0000000080000000,0x00000000808c3700,0x0000000083680000)
 Metaspace       used 34538K, capacity 35410K, committed 35496K, reserved 1079296K
  class space    used 4740K, capacity 4974K, committed 5040K, reserved 1048576K
Event: 4.477 GC heap after
Heap after GC invocations=11 (full 2):
 PSYoungGen      total 121344K, used 0K [0x00000000d5580000, 0x00000000e0800000, 0x0000000100000000)
  eden space 109568K, 0% used [0x00000000d5580000,0x00000000d5580000,0x00000000dc080000)
  from space 11776K, 0% used [0x00000000dc080000,0x00000000dc080000,0x00000000dcc00000)
  to   space 11776K, 0% used [0x00000000dfc80000,0x00000000dfc80000,0x00000000e0800000)
 ParOldGen       total 81408K, used 15303K [0x0000000080000000, 0x0000000084f80000, 0x00000000d5580000)
  object space 81408K, 18% used [0x0000000080000000,0x0000000080ef1cb8,0x0000000084f80000)
 Metaspace       used 34538K, capacity 35410K, committed 35496K, reserved 1079296K
  class space    used 4740K, capacity 4974K, committed 5040K, reserved 1048576K
}
Event: 6.497 GC heap before
{Heap before GC invocations=12 (full 2):
 PSYoungGen      total 121344K, used 109568K [0x00000000d5580000, 0x00000000e0800000, 0x0000000100000000)
  eden space 109568K, 100% used [0x00000000d5580000,0x00000000dc080000,0x00000000dc080000)
  from space 11776K, 0% used [0x00000000dc080000,0x00000000dc080000,0x00000000dcc00000)
  to   space 11776K, 0% used [0x00000000dfc80000,0x00000000dfc80000,0x00000000e0800000)
 ParOldGen       total 81408K, used 15303K [0x0000000080000000, 0x0000000084f80000, 0x00000000d5580000)
  object space 81408K, 18% used [0x0000000080000000,0x0000000080ef1cb8,0x0000000084f80000)
 Metaspace       used 44279K, capacity 45744K, committed 45872K, reserved 1089536K
  class space    used 5994K, capacity 6328K, committed 6448K, reserved 1048576K
Event: 6.508 GC heap after
Heap after GC invocations=12 (full 2):
 PSYoungGen      total 153088K, used 11770K [0x00000000d5580000, 0x00000000e0800000, 0x0000000100000000)
  eden space 141312K, 0% used [0x00000000d5580000,0x00000000d5580000,0x00000000ddf80000)
  from space 11776K, 99% used [0x00000000dfc80000,0x00000000e07fe918,0x00000000e0800000)
  to   space 13824K, 0% used [0x00000000ded00000,0x00000000ded00000,0x00000000dfa80000)
 ParOldGen       total 81408K, used 17505K [0x0000000080000000, 0x0000000084f80000, 0x00000000d5580000)
  object space 81408K, 21% used [0x0000000080000000,0x0000000081118580,0x0000000084f80000)
 Metaspace       used 44279K, capacity 45744K, committed 45872K, reserved 1089536K
  class space    used 5994K, capacity 6328K, committed 6448K, reserved 1048576K
}

