# JRE version: OpenJDK Runtime Environment (8.0_242-b01) (build 1.8.0_242-release-1644-b01)
# Java VM: OpenJDK 64-Bit Server VM (25.242-b01 mixed mode windows-amd64 compressed oops)
Heap:
 PSYoungGen      total 303104K, used 161617K [0x00000000d5580000, 0x00000000e9880000, 0x0000000100000000)
  eden space 275456K, 58% used [0x00000000d5580000,0x00000000df1ec7e0,0x00000000e6280000)
  from space 27648K, 5% used [0x00000000e6280000,0x00000000e63e8000,0x00000000e7d80000)
  to   space 22528K, 0% used [0x00000000e8280000,0x00000000e8280000,0x00000000e9880000)
 ParOldGen       total 182784K, used 65301K [0x0000000080000000, 0x000000008b280000, 0x00000000d5580000)
  object space 182784K, 35% used [0x0000000080000000,0x0000000083fc5570,0x000000008b280000)
 Metaspace       used 92895K, capacity 97382K, committed 99880K, reserved 1136640K
  class space    used 11992K, capacity 12830K, committed 13352K, reserved 1048576K
GC Heap History (10 events):
Event: 497.485 GC heap before
{Heap before GC invocations=33 (full 3):
 PSYoungGen      total 268288K, used 126743K [0x00000000d5580000, 0x00000000e9f00000, 0x0000000100000000)
  eden space 237568K, 51% used [0x00000000d5580000,0x00000000dcc58868,0x00000000e3d80000)
  from space 30720K, 16% used [0x00000000e3d80000,0x00000000e426d518,0x00000000e5b80000)
  to   space 29184K, 0% used [0x00000000e8280000,0x00000000e8280000,0x00000000e9f00000)
 ParOldGen       total 132608K, used 89039K [0x0000000080000000, 0x0000000088180000, 0x00000000d5580000)
  object space 132608K, 67% used [0x0000000080000000,0x00000000856f3e68,0x0000000088180000)
 Metaspace       used 92472K, capacity 98450K, committed 98600K, reserved 1134592K
  class space    used 12176K, capacity 13248K, committed 13352K, reserved 1048576K
Event: 497.493 GC heap after
Heap after GC invocations=33 (full 3):
 PSYoungGen      total 297984K, used 8158K [0x00000000d5580000, 0x00000000e9880000, 0x0000000100000000)
  eden space 275456K, 0% used [0x00000000d5580000,0x00000000d5580000,0x00000000e6280000)
  from space 22528K, 36% used [0x00000000e8280000,0x00000000e8a77928,0x00000000e9880000)
  to   space 27648K, 0% used [0x00000000e6280000,0x00000000e6280000,0x00000000e7d80000)
 ParOldGen       total 132608K, used 92038K [0x0000000080000000, 0x0000000088180000, 0x00000000d5580000)
  object space 132608K, 69% used [0x0000000080000000,0x00000000859e1bf0,0x0000000088180000)
 Metaspace       used 92472K, capacity 98450K, committed 98600K, reserved 1134592K
  class space    used 12176K, capacity 13248K, committed 13352K, reserved 1048576K
}
Event: 497.493 GC heap before
{Heap before GC invocations=34 (full 4):
 PSYoungGen      total 297984K, used 8158K [0x00000000d5580000, 0x00000000e9880000, 0x0000000100000000)
  eden space 275456K, 0% used [0x00000000d5580000,0x00000000d5580000,0x00000000e6280000)
  from space 22528K, 36% used [0x00000000e8280000,0x00000000e8a77928,0x00000000e9880000)
  to   space 27648K, 0% used [0x00000000e6280000,0x00000000e6280000,0x00000000e7d80000)
 ParOldGen       total 132608K, used 92038K [0x0000000080000000, 0x0000000088180000, 0x00000000d5580000)
  object space 132608K, 69% used [0x0000000080000000,0x00000000859e1bf0,0x0000000088180000)
 Metaspace       used 92472K, capacity 98450K, committed 98600K, reserved 1134592K
  class space    used 12176K, capacity 13248K, committed 13352K, reserved 1048576K
Event: 497.602 GC heap after
Heap after GC invocations=34 (full 4):
 PSYoungGen      total 297984K, used 0K [0x00000000d5580000, 0x00000000e9880000, 0x0000000100000000)
  eden space 275456K, 0% used [0x00000000d5580000,0x00000000d5580000,0x00000000e6280000)
  from space 22528K, 0% used [0x00000000e8280000,0x00000000e8280000,0x00000000e9880000)
  to   space 27648K, 0% used [0x00000000e6280000,0x00000000e6280000,0x00000000e7d80000)
 ParOldGen       total 182784K, used 53860K [0x0000000080000000, 0x000000008b280000, 0x00000000d5580000)
  object space 182784K, 29% used [0x0000000080000000,0x00000000834993a8,0x000000008b280000)
 Metaspace       used 91474K, capacity 95734K, committed 98600K, reserved 1134592K
  class space    used 11841K, capacity 12660K, committed 13352K, reserved 1048576K
}
Event: 499.197 GC heap before
{Heap before GC invocations=35 (full 4):
 PSYoungGen      total 297984K, used 275456K [0x00000000d5580000, 0x00000000e9880000, 0x0000000100000000)
  eden space 275456K, 100% used [0x00000000d5580000,0x00000000e6280000,0x00000000e6280000)
  from space 22528K, 0% used [0x00000000e8280000,0x00000000e8280000,0x00000000e9880000)
  to   space 27648K, 0% used [0x00000000e6280000,0x00000000e6280000,0x00000000e7d80000)
 ParOldGen       total 182784K, used 53860K [0x0000000080000000, 0x000000008b280000, 0x00000000d5580000)
  object space 182784K, 29% used [0x0000000080000000,0x00000000834993a8,0x000000008b280000)
 Metaspace       used 92759K, capacity 97210K, committed 99624K, reserved 1136640K
  class space    used 11985K, capacity 12824K, committed 13352K, reserved 1048576K
Event: 499.208 GC heap after
Heap after GC invocations=35 (full 4):
 PSYoungGen      total 303104K, used 10692K [0x00000000d5580000, 0x00000000e9880000, 0x0000000100000000)
  eden space 275456K, 0% used [0x00000000d5580000,0x00000000d5580000,0x00000000e6280000)
  from space 27648K, 38% used [0x00000000e6280000,0x00000000e6cf13d0,0x00000000e7d80000)
  to   space 22528K, 0% used [0x00000000e8280000,0x00000000e8280000,0x00000000e9880000)
 ParOldGen       total 182784K, used 53868K [0x0000000080000000, 0x000000008b280000, 0x00000000d5580000)
  object space 182784K, 29% used [0x0000000080000000,0x000000008349b3a8,0x000000008b280000)
 Metaspace       used 92759K, capacity 97210K, committed 99624K, reserved 1136640K
  class space    used 11985K, capacity 12824K, committed 13352K, reserved 1048576K
}
Event: 499.772 GC heap before
{Heap before GC invocations=36 (full 4):
 PSYoungGen      total 303104K, used 286148K [0x00000000d5580000, 0x00000000e9880000, 0x0000000100000000)
  eden space 275456K, 100% used [0x00000000d5580000,0x00000000e6280000,0x00000000e6280000)
  from space 27648K, 38% used [0x00000000e6280000,0x00000000e6cf13d0,0x00000000e7d80000)
  to   space 22528K, 0% used [0x00000000e8280000,0x00000000e8280000,0x00000000e9880000)
 ParOldGen       total 182784K, used 53868K [0x0000000080000000, 0x000000008b280000, 0x00000000d5580000)
  object space 182784K, 29% used [0x0000000080000000,0x000000008349b3a8,0x000000008b280000)
 Metaspace       used 92849K, capacity 97300K, committed 99880K, reserved 1136640K
  class space    used 11991K, capacity 12827K, committed 13352K, reserved 1048576K
Event: 499.785 GC heap after
Heap after GC invocations=36 (full 4):
 PSYoungGen      total 297984K, used 8700K [0x00000000d5580000, 0x00000000e9880000, 0x0000000100000000)
  eden space 275456K, 0% used [0x00000000d5580000,0x00000000d5580000,0x00000000e6280000)
  from space 22528K, 38% used [0x00000000e8280000,0x00000000e8aff140,0x00000000e9880000)
  to   space 27648K, 0% used [0x00000000e6280000,0x00000000e6280000,0x00000000e7d80000)
 ParOldGen       total 182784K, used 60266K [0x0000000080000000, 0x000000008b280000, 0x00000000d5580000)
  object space 182784K, 32% used [0x0000000080000000,0x0000000083adab08,0x000000008b280000)
 Metaspace       used 92849K, capacity 97300K, committed 99880K, reserved 1136640K
  class space    used 11991K, capacity 12827K, committed 13352K, reserved 1048576K
}
Event: 500.194 GC heap before
{Heap before GC invocations=37 (full 4):
 PSYoungGen      total 297984K, used 284156K [0x00000000d5580000, 0x00000000e9880000, 0x0000000100000000)
  eden space 275456K, 100% used [0x00000000d5580000,0x00000000e6280000,0x00000000e6280000)
  from space 22528K, 38% used [0x00000000e8280000,0x00000000e8aff140,0x00000000e9880000)
  to   space 27648K, 0% used [0x00000000e6280000,0x00000000e6280000,0x00000000e7d80000)
 ParOldGen       total 182784K, used 60266K [0x0000000080000000, 0x000000008b280000, 0x00000000d5580000)
  object space 182784K, 32% used [0x0000000080000000,0x0000000083adab08,0x000000008b280000)
 Metaspace       used 92885K, capacity 97382K, committed 99880K, reserved 1136640K
  class space    used 11992K, capacity 12830K, committed 13352K, reserved 1048576K
Event: 500.200 GC heap after
Heap after GC invocations=37 (full 4):
 PSYoungGen      total 303104K, used 1440K [0x00000000d5580000, 0x00000000e9880000, 0x0000000100000000)
  eden space 275456K, 0% used [0x00000000d5580000,0x00000000d5580000,0x00000000e6280000)
  from space 27648K, 5% used [0x00000000e6280000,0x00000000e63e8000,0x00000000e7d80000)
  to   space 22528K, 0% used [0x00000000e8280000,0x00000000e8280000,0x00000000e9880000)
 ParOldGen       total 182784K, used 65301K [0x0000000080000000, 0x000000008b280000, 0x00000000d5580000)
  object space 182784K, 35% used [0x0000000080000000,0x0000000083fc5570,0x000000008b280000)
 Metaspace       used 92885K, capacity 97382K, committed 99880K, reserved 1136640K
  class space    used 11992K, capacity 12830K, committed 13352K, reserved 1048576K
}

