# JRE version: OpenJDK Runtime Environment (8.0_242-b01) (build 1.8.0_242-release-1644-b01)
# Java VM: OpenJDK 64-Bit Server VM (25.242-b01 mixed mode windows-amd64 compressed oops)
Heap:
 PSYoungGen      total 32768K, used 16185K [0x00000000d5580000, 0x00000000d8280000, 0x0000000100000000)
  eden space 26624K, 38% used [0x00000000d5580000,0x00000000d5f9a110,0x00000000d6f80000)
  from space 6144K, 95% used [0x00000000d7000000,0x00000000d75b46c0,0x00000000d7600000)
  to   space 9728K, 0% used [0x00000000d7900000,0x00000000d7900000,0x00000000d8280000)
 ParOldGen       total 50688K, used 16289K [0x0000000080000000, 0x0000000083180000, 0x00000000d5580000)
  object space 50688K, 32% used [0x0000000080000000,0x0000000080fe8550,0x0000000083180000)
 Metaspace       used 42876K, capacity 44390K, committed 44720K, reserved 1087488K
  class space    used 5806K, capacity 6197K, committed 6320K, reserved 1048576K
GC Heap History (10 events):
Event: 25.125 GC heap before
{Heap before GC invocations=13 (full 1):
 PSYoungGen      total 31232K, used 25840K [0x00000000d5580000, 0x00000000d8580000, 0x0000000100000000)
  eden space 28672K, 82% used [0x00000000d5580000,0x00000000d6caa298,0x00000000d7180000)
  from space 2560K, 82% used [0x00000000d7200000,0x00000000d7412140,0x00000000d7480000)
  to   space 10240K, 0% used [0x00000000d7b80000,0x00000000d7b80000,0x00000000d8580000)
 ParOldGen       total 45568K, used 14446K [0x0000000080000000, 0x0000000082c80000, 0x00000000d5580000)
  object space 45568K, 31% used [0x0000000080000000,0x0000000080e1b9b0,0x0000000082c80000)
 Metaspace       used 34556K, capacity 35410K, committed 35496K, reserved 1079296K
  class space    used 4744K, capacity 4974K, committed 5040K, reserved 1048576K
Event: 25.127 GC heap after
Heap after GC invocations=13 (full 1):
 PSYoungGen      total 38400K, used 1710K [0x00000000d5580000, 0x00000000d8600000, 0x0000000100000000)
  eden space 28160K, 0% used [0x00000000d5580000,0x00000000d5580000,0x00000000d7100000)
  from space 10240K, 16% used [0x00000000d7b80000,0x00000000d7d2bb30,0x00000000d8580000)
  to   space 10752K, 0% used [0x00000000d7100000,0x00000000d7100000,0x00000000d7b80000)
 ParOldGen       total 45568K, used 15138K [0x0000000080000000, 0x0000000082c80000, 0x00000000d5580000)
  object space 45568K, 33% used [0x0000000080000000,0x0000000080ec89c0,0x0000000082c80000)
 Metaspace       used 34556K, capacity 35410K, committed 35496K, reserved 1079296K
  class space    used 4744K, capacity 4974K, committed 5040K, reserved 1048576K
}
Event: 25.127 GC heap before
{Heap before GC invocations=14 (full 2):
 PSYoungGen      total 38400K, used 1710K [0x00000000d5580000, 0x00000000d8600000, 0x0000000100000000)
  eden space 28160K, 0% used [0x00000000d5580000,0x00000000d5580000,0x00000000d7100000)
  from space 10240K, 16% used [0x00000000d7b80000,0x00000000d7d2bb30,0x00000000d8580000)
  to   space 10752K, 0% used [0x00000000d7100000,0x00000000d7100000,0x00000000d7b80000)
 ParOldGen       total 45568K, used 15138K [0x0000000080000000, 0x0000000082c80000, 0x00000000d5580000)
  object space 45568K, 33% used [0x0000000080000000,0x0000000080ec89c0,0x0000000082c80000)
 Metaspace       used 34556K, capacity 35410K, committed 35496K, reserved 1079296K
  class space    used 4744K, capacity 4974K, committed 5040K, reserved 1048576K
Event: 25.160 GC heap after
Heap after GC invocations=14 (full 2):
 PSYoungGen      total 38400K, used 0K [0x00000000d5580000, 0x00000000d8600000, 0x0000000100000000)
  eden space 28160K, 0% used [0x00000000d5580000,0x00000000d5580000,0x00000000d7100000)
  from space 10240K, 0% used [0x00000000d7b80000,0x00000000d7b80000,0x00000000d8580000)
  to   space 10752K, 0% used [0x00000000d7100000,0x00000000d7100000,0x00000000d7b80000)
 ParOldGen       total 50688K, used 14389K [0x0000000080000000, 0x0000000083180000, 0x00000000d5580000)
  object space 50688K, 28% used [0x0000000080000000,0x0000000080e0d4c0,0x0000000083180000)
 Metaspace       used 34556K, capacity 35410K, committed 35496K, reserved 1079296K
  class space    used 4744K, capacity 4974K, committed 5040K, reserved 1048576K
}
Event: 30.040 GC heap before
{Heap before GC invocations=15 (full 2):
 PSYoungGen      total 38400K, used 28160K [0x00000000d5580000, 0x00000000d8600000, 0x0000000100000000)
  eden space 28160K, 100% used [0x00000000d5580000,0x00000000d7100000,0x00000000d7100000)
  from space 10240K, 0% used [0x00000000d7b80000,0x00000000d7b80000,0x00000000d8580000)
  to   space 10752K, 0% used [0x00000000d7100000,0x00000000d7100000,0x00000000d7b80000)
 ParOldGen       total 50688K, used 14389K [0x0000000080000000, 0x0000000083180000, 0x00000000d5580000)
  object space 50688K, 28% used [0x0000000080000000,0x0000000080e0d4c0,0x0000000083180000)
 Metaspace       used 35527K, capacity 36748K, committed 37040K, reserved 1081344K
  class space    used 4886K, capacity 5175K, committed 5296K, reserved 1048576K
Event: 30.045 GC heap after
Heap after GC invocations=15 (full 2):
 PSYoungGen      total 30720K, used 2626K [0x00000000d5580000, 0x00000000d8480000, 0x0000000100000000)
  eden space 27648K, 0% used [0x00000000d5580000,0x00000000d5580000,0x00000000d7080000)
  from space 3072K, 85% used [0x00000000d7100000,0x00000000d7390ae8,0x00000000d7400000)
  to   space 10240K, 0% used [0x00000000d7a80000,0x00000000d7a80000,0x00000000d8480000)
 ParOldGen       total 50688K, used 14397K [0x0000000080000000, 0x0000000083180000, 0x00000000d5580000)
  object space 50688K, 28% used [0x0000000080000000,0x0000000080e0f4c0,0x0000000083180000)
 Metaspace       used 35527K, capacity 36748K, committed 37040K, reserved 1081344K
  class space    used 4886K, capacity 5175K, committed 5296K, reserved 1048576K
}
Event: 39.743 GC heap before
{Heap before GC invocations=16 (full 2):
 PSYoungGen      total 30720K, used 30274K [0x00000000d5580000, 0x00000000d8480000, 0x0000000100000000)
  eden space 27648K, 100% used [0x00000000d5580000,0x00000000d7080000,0x00000000d7080000)
  from space 3072K, 85% used [0x00000000d7100000,0x00000000d7390ae8,0x00000000d7400000)
  to   space 10240K, 0% used [0x00000000d7a80000,0x00000000d7a80000,0x00000000d8480000)
 ParOldGen       total 50688K, used 14397K [0x0000000080000000, 0x0000000083180000, 0x00000000d5580000)
  object space 50688K, 28% used [0x0000000080000000,0x0000000080e0f4c0,0x0000000083180000)
 Metaspace       used 38300K, capacity 39700K, committed 39984K, reserved 1083392K
  class space    used 5278K, capacity 5585K, committed 5680K, reserved 1048576K
Event: 39.750 GC heap after
Heap after GC invocations=16 (full 2):
 PSYoungGen      total 35840K, used 4057K [0x00000000d5580000, 0x00000000d8300000, 0x0000000100000000)
  eden space 27136K, 0% used [0x00000000d5580000,0x00000000d5580000,0x00000000d7000000)
  from space 8704K, 46% used [0x00000000d7a80000,0x00000000d7e76440,0x00000000d8300000)
  to   space 9728K, 0% used [0x00000000d7000000,0x00000000d7000000,0x00000000d7980000)
 ParOldGen       total 50688K, used 16281K [0x0000000080000000, 0x0000000083180000, 0x00000000d5580000)
  object space 50688K, 32% used [0x0000000080000000,0x0000000080fe6550,0x0000000083180000)
 Metaspace       used 38300K, capacity 39700K, committed 39984K, reserved 1083392K
  class space    used 5278K, capacity 5585K, committed 5680K, reserved 1048576K
}
Event: 53.617 GC heap before
{Heap before GC invocations=17 (full 2):
 PSYoungGen      total 35840K, used 31193K [0x00000000d5580000, 0x00000000d8300000, 0x0000000100000000)
  eden space 27136K, 100% used [0x00000000d5580000,0x00000000d7000000,0x00000000d7000000)
  from space 8704K, 46% used [0x00000000d7a80000,0x00000000d7e76440,0x00000000d8300000)
  to   space 9728K, 0% used [0x00000000d7000000,0x00000000d7000000,0x00000000d7980000)
 ParOldGen       total 50688K, used 16281K [0x0000000080000000, 0x0000000083180000, 0x00000000d5580000)
  object space 50688K, 32% used [0x0000000080000000,0x0000000080fe6550,0x0000000083180000)
 Metaspace       used 41971K, capacity 43382K, committed 43696K, reserved 1087488K
  class space    used 5677K, capacity 6001K, committed 6064K, reserved 1048576K
Event: 53.623 GC heap after
Heap after GC invocations=17 (full 2):
 PSYoungGen      total 32768K, used 5841K [0x00000000d5580000, 0x00000000d8280000, 0x0000000100000000)
  eden space 26624K, 0% used [0x00000000d5580000,0x00000000d5580000,0x00000000d6f80000)
  from space 6144K, 95% used [0x00000000d7000000,0x00000000d75b46c0,0x00000000d7600000)
  to   space 9728K, 0% used [0x00000000d7900000,0x00000000d7900000,0x00000000d8280000)
 ParOldGen       total 50688K, used 16289K [0x0000000080000000, 0x0000000083180000, 0x00000000d5580000)
  object space 50688K, 32% used [0x0000000080000000,0x0000000080fe8550,0x0000000083180000)
 Metaspace       used 41971K, capacity 43382K, committed 43696K, reserved 1087488K
  class space    used 5677K, capacity 6001K, committed 6064K, reserved 1048576K
}

